Determining if the include file pthread.h exists failed with the following output:
Change Dir: D:/Solutions/MScAC Solutions/CSC2504 - Computer Graphics Solutions/computer-graphics-mass-spring-systems/out/build/x64-Debug/CMakeFiles/CMakeTmp

Run Build Command(s):C:/Program Files (x86)/Microsoft Visual Studio/2019/Community/Common7/IDE/CommonExtensions/Microsoft/CMake/Ninja/ninja.exe cmTC_6304f 
[1/2] Building C object CMakeFiles\cmTC_6304f.dir\CheckIncludeFile.c.obj
FAILED: CMakeFiles/cmTC_6304f.dir/CheckIncludeFile.c.obj 
C:\PROGRA~2\MICROS~3\2019\COMMUN~1\VC\Tools\MSVC\1422~1.279\bin\HostX64\x64\cl.exe  /nologo   /DWIN32 /D_WINDOWS /W3  /MDd /ZI /Ob0 /Od /RTC1 /JMC /showIncludes /FoCMakeFiles\cmTC_6304f.dir\CheckIncludeFile.c.obj /FdCMakeFiles\cmTC_6304f.dir\ /FS -c CheckIncludeFile.c
D:\Solutions\MScAC Solutions\CSC2504 - Computer Graphics Solutions\computer-graphics-mass-spring-systems\out\build\x64-Debug\CMakeFiles\CMakeTmp\CheckIncludeFile.c(1): fatal error C1083: Cannot open include file: 'pthread.h': No such file or directory
ninja: build stopped: subcommand failed.


Performing C++ SOURCE FILE Test COMPILER_HAS_DEPRECATED_ATTR failed with the following output:
Change Dir: D:/Solutions/MScAC Solutions/CSC2504 - Computer Graphics Solutions/computer-graphics-mass-spring-systems/out/build/x64-Debug/CMakeFiles/CMakeTmp

Run Build Command(s):C:/Program Files (x86)/Microsoft Visual Studio/2019/Community/Common7/IDE/CommonExtensions/Microsoft/CMake/Ninja/ninja.exe cmTC_885de 
[1/2] Building CXX object CMakeFiles\cmTC_885de.dir\src.cxx.obj
FAILED: CMakeFiles/cmTC_885de.dir/src.cxx.obj 
C:\PROGRA~2\MICROS~3\2019\COMMUN~1\VC\Tools\MSVC\1422~1.279\bin\HostX64\x64\cl.exe  /nologo /TP   /DWIN32 /D_WINDOWS /W3 /GR /EHsc -DCOMPILER_HAS_DEPRECATED_ATTR /MDd /ZI /Ob0 /Od /RTC1 /JMC /showIncludes /FoCMakeFiles\cmTC_885de.dir\src.cxx.obj /FdCMakeFiles\cmTC_885de.dir\ /FS -c src.cxx
D:\Solutions\MScAC Solutions\CSC2504 - Computer Graphics Solutions\computer-graphics-mass-spring-systems\out\build\x64-Debug\CMakeFiles\CMakeTmp\src.cxx(1): error C2065: '__deprecated__': undeclared identifier
D:\Solutions\MScAC Solutions\CSC2504 - Computer Graphics Solutions\computer-graphics-mass-spring-systems\out\build\x64-Debug\CMakeFiles\CMakeTmp\src.cxx(1): error C4430: missing type specifier - int assumed. Note: C++ does not support default-int
D:\Solutions\MScAC Solutions\CSC2504 - Computer Graphics Solutions\computer-graphics-mass-spring-systems\out\build\x64-Debug\CMakeFiles\CMakeTmp\src.cxx(1): error C2448: '__attribute__': function-style initializer appears to be a function definition
ninja: build stopped: subcommand failed.

Source file was:
__attribute__((__deprecated__)) int somefunc() { return 0; }
    int main() { return somefunc();}
